[debug] [2025-04-27T22:44:57.490Z] ----------------------------------------------------------------------
[debug] [2025-04-27T22:44:57.502Z] Command:       C:\Program Files\nodejs\node.exe C:\Users\sebas\AppData\Roaming\npm\node_modules\firebase-tools\lib\bin\firebase.js init
[debug] [2025-04-27T22:44:57.502Z] CLI Version:   14.2.1
[debug] [2025-04-27T22:44:57.503Z] Platform:      win32
[debug] [2025-04-27T22:44:57.503Z] Node Version:  v22.14.0
[debug] [2025-04-27T22:44:57.503Z] Time:          Sun Apr 27 2025 18:44:57 GMT-0400 (hora de Bolivia)
[debug] [2025-04-27T22:44:57.504Z] ----------------------------------------------------------------------
[debug] 
[debug] [2025-04-27T22:44:57.512Z] > command requires scopes: ["email","openid","https://www.googleapis.com/auth/cloudplatformprojects.readonly","https://www.googleapis.com/auth/firebase","https://www.googleapis.com/auth/cloud-platform"]
[debug] [2025-04-27T22:44:57.512Z] > authorizing via signed-in user (sebastian75318058@gmail.com)
[info] 
     ######## #### ########  ######## ########     ###     ######  ########
     ##        ##  ##     ## ##       ##     ##  ##   ##  ##       ##
     ######    ##  ########  ######   ########  #########  ######  ######
     ##        ##  ##    ##  ##       ##     ## ##     ##       ## ##
     ##       #### ##     ## ######## ########  ##     ##  ######  ########

You're about to initialize a Firebase project in this directory:

  F:\Docs\si2\P1\e_commerce_frontend

[info] 
=== Project Setup
[info] 
[info] First, let's associate this project directory with a Firebase project.
[info] You can create multiple project aliases by running firebase use --add, 
[info] but for now we'll just set up a default project.
[info] 
[debug] [2025-04-27T22:45:14.179Z] Checked if tokens are valid: false, expires at: 1745761671217
[debug] [2025-04-27T22:45:14.179Z] Checked if tokens are valid: false, expires at: 1745761671217
[debug] [2025-04-27T22:45:14.180Z] > refreshing access token with scopes: []
[debug] [2025-04-27T22:45:14.182Z] >>> [apiv2][query] POST https://www.googleapis.com/oauth2/v3/token [none]
[debug] [2025-04-27T22:45:14.182Z] >>> [apiv2][body] POST https://www.googleapis.com/oauth2/v3/token [omitted]
[debug] [2025-04-27T22:45:14.930Z] <<< [apiv2][status] POST https://www.googleapis.com/oauth2/v3/token 200
[debug] [2025-04-27T22:45:14.930Z] <<< [apiv2][body] POST https://www.googleapis.com/oauth2/v3/token [omitted]
[debug] [2025-04-27T22:45:14.940Z] >>> [apiv2][query] GET https://firebase.googleapis.com/v1beta1/projects pageSize=100
[debug] [2025-04-27T22:45:15.742Z] <<< [apiv2][status] GET https://firebase.googleapis.com/v1beta1/projects 200
[debug] [2025-04-27T22:45:15.742Z] <<< [apiv2][body] GET https://firebase.googleapis.com/v1beta1/projects [omitted]
[info] i  Using project e-commerce-parcial (e-commerce-parcial) 
[info] 
=== Hosting Setup
[debug] [2025-04-27T22:45:16.622Z] Checked if tokens are valid: true, expires at: 1745797513930
[debug] [2025-04-27T22:45:16.622Z] Checked if tokens are valid: true, expires at: 1745797513930
[debug] [2025-04-27T22:45:16.622Z] >>> [apiv2][query] GET https://firebase.googleapis.com/v1beta1/projects/e-commerce-parcial [none]
[debug] [2025-04-27T22:45:16.941Z] <<< [apiv2][status] GET https://firebase.googleapis.com/v1beta1/projects/e-commerce-parcial 200
[debug] [2025-04-27T22:45:16.941Z] <<< [apiv2][body] GET https://firebase.googleapis.com/v1beta1/projects/e-commerce-parcial {"projectId":"e-commerce-parcial","projectNumber":"98074681617","displayName":"e-commerce-parcial","name":"projects/e-commerce-parcial","resources":{"hostingSite":"e-commerce-parcial"},"state":"ACTIVE","etag":"1_bace6ecc-e7bc-4028-ab84-6473f747efc5"}
[info] 
[info] Your public directory is the folder (relative to your project directory) that
[info] will contain Hosting assets to be uploaded with firebase deploy. If you
[info] have a build process for your assets, use your build's output directory.
[info] 
[info] +  Wrote public/404.html 
[debug] [2025-04-27T22:45:58.431Z] >>> [apiv2][query] GET https://www.gstatic.com/firebasejs/releases.json [none]
[debug] [2025-04-27T22:45:58.909Z] <<< [apiv2][status] GET https://www.gstatic.com/firebasejs/releases.json 200
[debug] [2025-04-27T22:45:58.910Z] <<< [apiv2][body] GET https://www.gstatic.com/firebasejs/releases.json {"current":{"version":"11.6.1","browserURL":"https://www.gstatic.com/firebasejs/11.6.1/firebase.js","packageURL":"https://www.gstatic.com/firebasejs/11.6.1/firebase.tgz"},"live":{"version":"11.6","browserURL":"https://www.gstatic.com/firebasejs/live/11.6/firebase.js","packageURL":"https://www.gstatic.com/firebasejs/live/11.6/firebase.tgz"},"components":{"analytics":"https://www.gstatic.com/firebasejs/11.6.1/firebase-analytics.js","app":"https://www.gstatic.com/firebasejs/11.6.1/firebase-app.js","app-check":"https://www.gstatic.com/firebasejs/11.6.1/firebase-app-check.js","auth":"https://www.gstatic.com/firebasejs/11.6.1/firebase-auth.js","auth/cordova":"https://www.gstatic.com/firebasejs/11.6.1/firebase-auth/cordova.js","auth/web-extension":"https://www.gstatic.com/firebasejs/11.6.1/firebase-auth/web-extension.js","functions":"https://www.gstatic.com/firebasejs/11.6.1/firebase-functions.js","firestore":"https://www.gstatic.com/firebasejs/11.6.1/firebase-firestore.js","firestore/lite":"https://www.gstatic.com/firebasejs/11.6.1/firebase-firestore/lite.js","installations":"https://www.gstatic.com/firebasejs/11.6.1/firebase-installations.js","storage":"https://www.gstatic.com/firebasejs/11.6.1/firebase-storage.js","performance":"https://www.gstatic.com/firebasejs/11.6.1/firebase-performance.js","remote-config":"https://www.gstatic.com/firebasejs/11.6.1/firebase-remote-config.js","messaging":"https://www.gstatic.com/firebasejs/11.6.1/firebase-messaging.js","messaging/sw":"https://www.gstatic.com/firebasejs/11.6.1/firebase-messaging/sw.js","database":"https://www.gstatic.com/firebasejs/11.6.1/firebase-database.js","vertexai":"https://www.gstatic.com/firebasejs/11.6.1/firebase-vertexai.js","data-connect":"https://www.gstatic.com/firebasejs/11.6.1/firebase-data-connect.js","firestore.memory":"https://www.gstatic.com/firebasejs/11.6.1/firebase-firestore.memory.js"}}
[info] +  Wrote public/index.html 
[info] 
[info] i  Detected a .git folder at F:\Docs\si2\P1\e_commerce_frontend 
[info] i  Authorizing with GitHub to upload your service account to a GitHub repository's secrets store. 
[info] 
[info] Visit this URL on this device to log in:
[info] https://github.com/login/oauth/authorize?client_id=89cf50f02ac6aaed3484&state=448180644&redirect_uri=http%3A%2F%2Flocalhost%3A9005&scope=read%3Auser%20repo%20public_repo
[info] 
[info] Waiting for authentication...
